<?xml version="1.0" encoding="UTF-8"?>
<!-- Generated by org.testng.reporters.JUnitReportReporter -->
<testsuite hostname="IN01LAP00082" name="testNGPackage.Login" tests="4" failures="0" timestamp="29 Apr 2018 07:36:36 GMT" time="45.047" errors="0">
  <testcase name="loginWithInvalidCredentials" time="10.143" classname="testNGPackage.Login"/>
  <testcase name="loginWithValidCredentials" time="11.905" classname="testNGPackage.Login"/>
  <testcase name="loginWithValidCredentials" time="10.415" classname="testNGPackage.Login"/>
  <testcase name="loginWithInvalidCredentials" time="12.584" classname="testNGPackage.Login"/>
</testsuite> <!-- testNGPackage.Login -->
