<?xml version="1.0" encoding="UTF-8"?>
<!-- Generated by org.testng.reporters.JUnitReportReporter -->
<testsuite hostname="IN01LAP00082" name="testNGPackage.TestNGDemo2" tests="3" failures="0" timestamp="6 May 2018 07:11:08 GMT" time="0.015" errors="0">
  <testcase name="testCase5" time="0.000" classname="testNGPackage.TestNGDemo2"/>
  <testcase name="testCase4" time="0.000" classname="testNGPackage.TestNGDemo2"/>
  <testcase name="testCase6" time="0.015" classname="testNGPackage.TestNGDemo2"/>
</testsuite> <!-- testNGPackage.TestNGDemo2 -->
