<?xml version="1.0" encoding="UTF-8"?>
<!-- Generated by org.testng.reporters.JUnitReportReporter -->
<testsuite hostname="IN01LAP00082" name="testNGPackage.DataProvider" tests="2" failures="0" timestamp="29 Apr 2018 07:47:06 GMT" time="22.207" errors="0">
  <testcase name="loginWithValidCredentials" time="11.394" classname="testNGPackage.DataProvider"/>
  <testcase name="loginWithValidCredentials" time="10.813" classname="testNGPackage.DataProvider"/>
</testsuite> <!-- testNGPackage.DataProvider -->
