<?xml version="1.0" encoding="UTF-8"?>
<!-- Generated by org.testng.reporters.JUnitReportReporter -->
<testsuite hostname="IN01LAP00082" name="testNGPackage.TestNGDemo1" tests="3" failures="0" timestamp="6 May 2018 07:11:08 GMT" time="0.016" errors="0">
  <testcase name="testCase3" time="0.000" classname="testNGPackage.TestNGDemo1"/>
  <testcase name="testCase1" time="0.000" classname="testNGPackage.TestNGDemo1"/>
  <testcase name="testCase2" time="0.016" classname="testNGPackage.TestNGDemo1"/>
</testsuite> <!-- testNGPackage.TestNGDemo1 -->
